<?xml version="1.0" encoding="UTF-8"?>
<!-- Generated by org.testng.reporters.JUnitXMLReporter -->
<testsuite ignored="0" hostname="Vivekanand" failures="1" tests="26" name="testngTest" time="39.318" errors="0" timestamp="2022-12-23T16:19:29 IST">
  <testcase classname="com.test.ExceptionTimeOutTest" name="test1" time="0.003"/>
  <testcase classname="com.test.Googletest" name="googleTitleTest" time="0.016"/>
  <testcase classname="com.test.Googletest" name="maillinkTest" time="0.061"/>
  <testcase classname="com.test.Googletest" name="googlelogoTest" time="0.044"/>
  <testcase classname="com.test.Googletest" name="test1" time="0.006"/>
  <testcase classname="com.test.Googletest" name="test2" time="0.003"/>
  <testcase classname="com.test.Googletest" name="test3" time="0.008"/>
  <testcase classname="com.test.GoogleTitleTest" name="googleTitleTest" time="0.021">
    <failure type="java.lang.AssertionError" message="title is not matched expected [Google1] but found [Google]">
      <![CDATA[java.lang.AssertionError: title is not matched expected [Google1] but found [Google]
at com.test.GoogleTitleTest.googleTitleTest(GoogleTitleTest.java:36)
at java.base/java.util.ArrayList.forEach(ArrayList.java:1511)
... Removed 32 stack frames]]>
    </failure>
  </testcase> <!-- googleTitleTest -->
  <testcase classname="com.test.GoogleTitleTest" name="googlelogoTest" time="0.041"/>
  <testcase classname="com.test.InvocationCountTest" name="sum" time="0.002"/>
  <testcase classname="com.test.InvocationCountTest" name="sum" time="0.005"/>
  <testcase classname="com.test.InvocationCountTest" name="sum" time="0.002"/>
  <testcase classname="com.test.InvocationCountTest" name="sum" time="0.003"/>
  <testcase classname="com.test.InvocationCountTest" name="sum" time="0.002"/>
  <testcase classname="com.test.InvocationCountTest" name="sum" time="0.002"/>
  <testcase classname="com.test.InvocationCountTest" name="sum" time="0.001"/>
  <testcase classname="com.test.InvocationCountTest" name="sum" time="0.001"/>
  <testcase classname="com.test.InvocationCountTest" name="sum" time="0.004"/>
  <testcase classname="com.test.InvocationCountTest" name="sum" time="0.001"/>
  <testcase classname="com.test.Testng1" name="googleTitleTest" time="0.001"/>
  <testcase classname="com.test.Testng1" name="googlelogotest" time="0.0"/>
  <testcase classname="com.test.Testng1" name="searchTest" time="0.001"/>
  <testcase classname="com.test.TestNgFeatures" name="loginTest" time="0.001"/>
  <testcase classname="com.test.TestNgFeatures" name="HomePageTest" time="0.001"/>
  <testcase classname="com.test.TestNgFeatures" name="RegPagetest" time="0.0"/>
  <testcase classname="com.test.TestNgFeatures" name="SearchPageTest" time="0.0"/>
</testsuite> <!-- testngTest -->
